<?xml version="1.0" encoding="UTF-8"?>
<!-- Generated by org.testng.reporters.JUnitReportReporter -->
<testsuite hostname="pc-PC" failures="0" tests="1" name="Mvn.Mvnproject.test" time="0.015" errors="0" timestamp="2021-10-07T04:56:21 PDT" skipped="0">
  <testcase classname="Mvn.Mvnproject.test" name="check_maven" time="0.015"/>
  <system-out/>
</testsuite> <!-- Mvn.Mvnproject.test -->
